0 info it worked if it ends with ok
1 verbose cli [ '/opt/node-v7.2.0-linux-x64/bin/node',
1 verbose cli   '/opt/node-v7.2.0-linux-x64/bin/npm',
1 verbose cli   'run',
1 verbose cli   'gh-publish' ]
2 info using npm@3.10.9
3 info using node@v7.2.0
4 verbose run-script [ 'pregh-publish', 'gh-publish', 'postgh-publish' ]
5 info lifecycle camomile-polymer-client@1.0.0~pregh-publish: camomile-polymer-client@1.0.0
6 silly lifecycle camomile-polymer-client@1.0.0~pregh-publish: no script for pregh-publish, continuing
7 info lifecycle camomile-polymer-client@1.0.0~gh-publish: camomile-polymer-client@1.0.0
8 verbose lifecycle camomile-polymer-client@1.0.0~gh-publish: unsafe-perm in lifecycle true
9 verbose lifecycle camomile-polymer-client@1.0.0~gh-publish: PATH: /opt/node-v7.2.0-linux-x64/lib/node_modules/npm/bin/node-gyp-bin:/home/rom1504/sauvegarde/syncsyncthing/documents/programmation/interlangage/stage_2014/camomile/camomile-polymer-client/node_modules/.bin:/home/rom1504/gopath:/home/rom1504/gopath/bin:/opt/node-v7.2.0-linux-x64/bin/:/home/rom1504/bin:/usr/local/texlive/2014/bin/x86_64-linux:/usr/local/bin:/usr/bin:/bin:/usr/local/games:/usr/games:/home/rom1504/.cabal/bin
10 verbose lifecycle camomile-polymer-client@1.0.0~gh-publish: CWD: /home/rom1504/sauvegarde/syncsyncthing/documents/programmation/interlangage/stage_2014/camomile/camomile-polymer-client
11 silly lifecycle camomile-polymer-client@1.0.0~gh-publish: Args: [ '-c',
11 silly lifecycle   'git checkout gh-pages && git merge master && npm install && bower install && git add -f node_modules bower_components && git commit -m \'publish\' ; git push origin gh-pages && git checkout master && npm install && bower install' ]
12 silly lifecycle camomile-polymer-client@1.0.0~gh-publish: Returned: code: 1  signal: null
13 info lifecycle camomile-polymer-client@1.0.0~gh-publish: Failed to exec gh-publish script
14 verbose stack Error: camomile-polymer-client@1.0.0 gh-publish: `git checkout gh-pages && git merge master && npm install && bower install && git add -f node_modules bower_components && git commit -m 'publish' ; git push origin gh-pages && git checkout master && npm install && bower install`
14 verbose stack Exit status 1
14 verbose stack     at EventEmitter.<anonymous> (/opt/node-v7.2.0-linux-x64/lib/node_modules/npm/lib/utils/lifecycle.js:255:16)
14 verbose stack     at emitTwo (events.js:106:13)
14 verbose stack     at EventEmitter.emit (events.js:191:7)
14 verbose stack     at ChildProcess.<anonymous> (/opt/node-v7.2.0-linux-x64/lib/node_modules/npm/lib/utils/spawn.js:40:14)
14 verbose stack     at emitTwo (events.js:106:13)
14 verbose stack     at ChildProcess.emit (events.js:191:7)
14 verbose stack     at maybeClose (internal/child_process.js:885:16)
14 verbose stack     at Process.ChildProcess._handle.onexit (internal/child_process.js:226:5)
15 verbose pkgid camomile-polymer-client@1.0.0
16 verbose cwd /home/rom1504/sauvegarde/syncsyncthing/documents/programmation/interlangage/stage_2014/camomile/camomile-polymer-client
17 error Linux 3.2.0-4-rt-amd64
18 error argv "/opt/node-v7.2.0-linux-x64/bin/node" "/opt/node-v7.2.0-linux-x64/bin/npm" "run" "gh-publish"
19 error node v7.2.0
20 error npm  v3.10.9
21 error code ELIFECYCLE
22 error camomile-polymer-client@1.0.0 gh-publish: `git checkout gh-pages && git merge master && npm install && bower install && git add -f node_modules bower_components && git commit -m 'publish' ; git push origin gh-pages && git checkout master && npm install && bower install`
22 error Exit status 1
23 error Failed at the camomile-polymer-client@1.0.0 gh-publish script 'git checkout gh-pages && git merge master && npm install && bower install && git add -f node_modules bower_components && git commit -m 'publish' ; git push origin gh-pages && git checkout master && npm install && bower install'.
23 error Make sure you have the latest version of node.js and npm installed.
23 error If you do, this is most likely a problem with the camomile-polymer-client package,
23 error not with npm itself.
23 error Tell the author that this fails on your system:
23 error     git checkout gh-pages && git merge master && npm install && bower install && git add -f node_modules bower_components && git commit -m 'publish' ; git push origin gh-pages && git checkout master && npm install && bower install
23 error You can get information on how to open an issue for this project with:
23 error     npm bugs camomile-polymer-client
23 error Or if that isn't available, you can get their info via:
23 error     npm owner ls camomile-polymer-client
23 error There is likely additional logging output above.
24 verbose exit [ 1, true ]
